<?xml version="1.0" encoding="UTF-8"?>
<testng-results ignored="0" total="2" passed="2" failed="0" skipped="0">
  <reporter-output>
  </reporter-output>
  <suite started-at="2024-10-08T23:46:32 EET" name="Default suite" finished-at="2024-10-08T23:46:34 EET" duration-ms="1932">
    <groups>
    </groups>
    <test started-at="2024-10-08T23:46:32 EET" name="Default test" finished-at="2024-10-08T23:46:34 EET" duration-ms="1932">
      <class name="myTestCases">
        <test-method is-config="true" signature="setup()[pri:0, instance:myTestCases@10ded6a9]" started-at="2024-10-08T23:46:32 EET" name="setup" finished-at="2024-10-08T23:46:33 EET" duration-ms="1038" status="PASS">
          <reporter-output>
          </reporter-output>
        </test-method> <!-- setup -->
        <test-method signature="login()[pri:1, instance:myTestCases@10ded6a9]" started-at="2024-10-08T23:46:33 EET" name="login" finished-at="2024-10-08T23:46:34 EET" duration-ms="459" status="PASS">
          <reporter-output>
          </reporter-output>
        </test-method> <!-- login -->
        <test-method signature="AddItemToCart()[pri:2, instance:myTestCases@10ded6a9]" started-at="2024-10-08T23:46:34 EET" name="AddItemToCart" finished-at="2024-10-08T23:46:34 EET" duration-ms="334" status="PASS">
          <reporter-output>
          </reporter-output>
        </test-method> <!-- AddItemToCart -->
      </class> <!-- myTestCases -->
    </test> <!-- Default test -->
  </suite> <!-- Default suite -->
</testng-results>
