<?xml version="1.0" encoding="UTF-8"?>
<testng-results ignored="0" total="1" passed="1" failed="0" skipped="0">
  <reporter-output>
  </reporter-output>
  <suite started-at="2024-10-04T23:49:02 EET" name="Default suite" finished-at="2024-10-04T23:49:09 EET" duration-ms="6155">
    <groups>
    </groups>
    <test started-at="2024-10-04T23:49:02 EET" name="Default test" finished-at="2024-10-04T23:49:09 EET" duration-ms="6155">
      <class name="firstProjectFix.myTestCases">
        <test-method is-config="true" signature="mySetup()[pri:0, instance:firstProjectFix.myTestCases@17a1e4ca]" started-at="2024-10-04T23:49:02 EET" name="mySetup" finished-at="2024-10-04T23:49:04 EET" duration-ms="1360" status="PASS">
          <reporter-output>
          </reporter-output>
        </test-method> <!-- mySetup -->
        <test-method signature="myTest()[pri:0, instance:firstProjectFix.myTestCases@17a1e4ca]" started-at="2024-10-04T23:49:04 EET" name="myTest" finished-at="2024-10-04T23:49:09 EET" duration-ms="4700" status="PASS">
          <reporter-output>
          </reporter-output>
        </test-method> <!-- myTest -->
        <test-method is-config="true" signature="myAfterTest()[pri:0, instance:firstProjectFix.myTestCases@17a1e4ca]" started-at="2024-10-04T23:49:09 EET" name="myAfterTest" finished-at="2024-10-04T23:49:09 EET" duration-ms="1" status="PASS">
          <reporter-output>
          </reporter-output>
        </test-method> <!-- myAfterTest -->
      </class> <!-- firstProjectFix.myTestCases -->
    </test> <!-- Default test -->
  </suite> <!-- Default suite -->
</testng-results>
